running develop
Removing /home/triton-ai/motion_plan_pkg/install/motion_plan_pkg/lib/python3.8/site-packages/motion-plan-pkg.egg-link (link to .)
running egg_info
writing build/motion_plan_pkg/motion_plan_pkg.egg-info/PKG-INFO
writing dependency_links to build/motion_plan_pkg/motion_plan_pkg.egg-info/dependency_links.txt
writing entry points to build/motion_plan_pkg/motion_plan_pkg.egg-info/entry_points.txt
writing requirements to build/motion_plan_pkg/motion_plan_pkg.egg-info/requires.txt
writing top-level names to build/motion_plan_pkg/motion_plan_pkg.egg-info/top_level.txt
reading manifest file 'build/motion_plan_pkg/motion_plan_pkg.egg-info/SOURCES.txt'
writing manifest file 'build/motion_plan_pkg/motion_plan_pkg.egg-info/SOURCES.txt'
running build
running build_py
creating /home/triton-ai/motion_plan_pkg/build/motion_plan_pkg/build
creating /home/triton-ai/motion_plan_pkg/build/motion_plan_pkg/build/lib
creating /home/triton-ai/motion_plan_pkg/build/motion_plan_pkg/build/lib/motion_plan_pkg
copying motion_plan_pkg/main_std_example.py -> /home/triton-ai/motion_plan_pkg/build/motion_plan_pkg/build/lib/motion_plan_pkg
copying motion_plan_pkg/motion_plan.py -> /home/triton-ai/motion_plan_pkg/build/motion_plan_pkg/build/lib/motion_plan_pkg
copying motion_plan_pkg/__init__.py -> /home/triton-ai/motion_plan_pkg/build/motion_plan_pkg/build/lib/motion_plan_pkg
creating /home/triton-ai/motion_plan_pkg/build/motion_plan_pkg/build/lib/motion_plan_pkg/graph_ltpl
copying motion_plan_pkg/graph_ltpl/Graph_LTPL.py -> /home/triton-ai/motion_plan_pkg/build/motion_plan_pkg/build/lib/motion_plan_pkg/graph_ltpl
copying motion_plan_pkg/graph_ltpl/__init__.py -> /home/triton-ai/motion_plan_pkg/build/motion_plan_pkg/build/lib/motion_plan_pkg/graph_ltpl
creating /home/triton-ai/motion_plan_pkg/build/motion_plan_pkg/build/lib/motion_plan_pkg/graph_ltpl/visualization
copying motion_plan_pkg/graph_ltpl/visualization/__init__.py -> /home/triton-ai/motion_plan_pkg/build/motion_plan_pkg/build/lib/motion_plan_pkg/graph_ltpl/visualization
creating /home/triton-ai/motion_plan_pkg/build/motion_plan_pkg/build/lib/motion_plan_pkg/graph_ltpl/data_objects
copying motion_plan_pkg/graph_ltpl/data_objects/GraphBase.py -> /home/triton-ai/motion_plan_pkg/build/motion_plan_pkg/build/lib/motion_plan_pkg/graph_ltpl/data_objects
copying motion_plan_pkg/graph_ltpl/data_objects/__init__.py -> /home/triton-ai/motion_plan_pkg/build/motion_plan_pkg/build/lib/motion_plan_pkg/graph_ltpl/data_objects
copying motion_plan_pkg/graph_ltpl/data_objects/ObjectListInterface.py -> /home/triton-ai/motion_plan_pkg/build/motion_plan_pkg/build/lib/motion_plan_pkg/graph_ltpl/data_objects
creating /home/triton-ai/motion_plan_pkg/build/motion_plan_pkg/build/lib/motion_plan_pkg/graph_ltpl/helper_funcs
copying motion_plan_pkg/graph_ltpl/helper_funcs/__init__.py -> /home/triton-ai/motion_plan_pkg/build/motion_plan_pkg/build/lib/motion_plan_pkg/graph_ltpl/helper_funcs
creating /home/triton-ai/motion_plan_pkg/build/motion_plan_pkg/build/lib/motion_plan_pkg/graph_ltpl/testing_tools
copying motion_plan_pkg/graph_ltpl/testing_tools/__init__.py -> /home/triton-ai/motion_plan_pkg/build/motion_plan_pkg/build/lib/motion_plan_pkg/graph_ltpl/testing_tools
creating /home/triton-ai/motion_plan_pkg/build/motion_plan_pkg/build/lib/motion_plan_pkg/graph_ltpl/offline_graph
copying motion_plan_pkg/graph_ltpl/offline_graph/__init__.py -> /home/triton-ai/motion_plan_pkg/build/motion_plan_pkg/build/lib/motion_plan_pkg/graph_ltpl/offline_graph
creating /home/triton-ai/motion_plan_pkg/build/motion_plan_pkg/build/lib/motion_plan_pkg/graph_ltpl/imp_global_traj
copying motion_plan_pkg/graph_ltpl/imp_global_traj/__init__.py -> /home/triton-ai/motion_plan_pkg/build/motion_plan_pkg/build/lib/motion_plan_pkg/graph_ltpl/imp_global_traj
creating /home/triton-ai/motion_plan_pkg/build/motion_plan_pkg/build/lib/motion_plan_pkg/graph_ltpl/online_graph
copying motion_plan_pkg/graph_ltpl/online_graph/__init__.py -> /home/triton-ai/motion_plan_pkg/build/motion_plan_pkg/build/lib/motion_plan_pkg/graph_ltpl/online_graph
creating /home/triton-ai/motion_plan_pkg/build/motion_plan_pkg/build/lib/motion_plan_pkg/graph_ltpl/visualization/src
copying motion_plan_pkg/graph_ltpl/visualization/src/visualize_graph_log.py -> /home/triton-ai/motion_plan_pkg/build/motion_plan_pkg/build/lib/motion_plan_pkg/graph_ltpl/visualization/src
copying motion_plan_pkg/graph_ltpl/visualization/src/PlotHandler.py -> /home/triton-ai/motion_plan_pkg/build/motion_plan_pkg/build/lib/motion_plan_pkg/graph_ltpl/visualization/src
copying motion_plan_pkg/graph_ltpl/visualization/src/__init__.py -> /home/triton-ai/motion_plan_pkg/build/motion_plan_pkg/build/lib/motion_plan_pkg/graph_ltpl/visualization/src
creating /home/triton-ai/motion_plan_pkg/build/motion_plan_pkg/build/lib/motion_plan_pkg/graph_ltpl/helper_funcs/src
copying motion_plan_pkg/graph_ltpl/helper_funcs/src/closest_path_index.py -> /home/triton-ai/motion_plan_pkg/build/motion_plan_pkg/build/lib/motion_plan_pkg/graph_ltpl/helper_funcs/src
copying motion_plan_pkg/graph_ltpl/helper_funcs/src/Logging.py -> /home/triton-ai/motion_plan_pkg/build/motion_plan_pkg/build/lib/motion_plan_pkg/graph_ltpl/helper_funcs/src
copying motion_plan_pkg/graph_ltpl/helper_funcs/src/get_s_coord.py -> /home/triton-ai/motion_plan_pkg/build/motion_plan_pkg/build/lib/motion_plan_pkg/graph_ltpl/helper_funcs/src
copying motion_plan_pkg/graph_ltpl/helper_funcs/src/calc_brake_emergency.py -> /home/triton-ai/motion_plan_pkg/build/motion_plan_pkg/build/lib/motion_plan_pkg/graph_ltpl/helper_funcs/src
copying motion_plan_pkg/graph_ltpl/helper_funcs/src/calc_vel_profile_follow.py -> /home/triton-ai/motion_plan_pkg/build/motion_plan_pkg/build/lib/motion_plan_pkg/graph_ltpl/helper_funcs/src
copying motion_plan_pkg/graph_ltpl/helper_funcs/src/__init__.py -> /home/triton-ai/motion_plan_pkg/build/motion_plan_pkg/build/lib/motion_plan_pkg/graph_ltpl/helper_funcs/src
creating /home/triton-ai/motion_plan_pkg/build/motion_plan_pkg/build/lib/motion_plan_pkg/graph_ltpl/testing_tools/src
copying motion_plan_pkg/graph_ltpl/testing_tools/src/vdc_dummy.py -> /home/triton-ai/motion_plan_pkg/build/motion_plan_pkg/build/lib/motion_plan_pkg/graph_ltpl/testing_tools/src
copying motion_plan_pkg/graph_ltpl/testing_tools/src/objectlist_dummy.py -> /home/triton-ai/motion_plan_pkg/build/motion_plan_pkg/build/lib/motion_plan_pkg/graph_ltpl/testing_tools/src
copying motion_plan_pkg/graph_ltpl/testing_tools/src/__init__.py -> /home/triton-ai/motion_plan_pkg/build/motion_plan_pkg/build/lib/motion_plan_pkg/graph_ltpl/testing_tools/src
creating /home/triton-ai/motion_plan_pkg/build/motion_plan_pkg/build/lib/motion_plan_pkg/graph_ltpl/offline_graph/src
copying motion_plan_pkg/graph_ltpl/offline_graph/src/gen_offline_cost.py -> /home/triton-ai/motion_plan_pkg/build/motion_plan_pkg/build/lib/motion_plan_pkg/graph_ltpl/offline_graph/src
copying motion_plan_pkg/graph_ltpl/offline_graph/src/gen_node_skeleton.py -> /home/triton-ai/motion_plan_pkg/build/motion_plan_pkg/build/lib/motion_plan_pkg/graph_ltpl/offline_graph/src
copying motion_plan_pkg/graph_ltpl/offline_graph/src/prune_graph.py -> /home/triton-ai/motion_plan_pkg/build/motion_plan_pkg/build/lib/motion_plan_pkg/graph_ltpl/offline_graph/src
copying motion_plan_pkg/graph_ltpl/offline_graph/src/gen_edges.py -> /home/triton-ai/motion_plan_pkg/build/motion_plan_pkg/build/lib/motion_plan_pkg/graph_ltpl/offline_graph/src
copying motion_plan_pkg/graph_ltpl/offline_graph/src/main_offline_callback.py -> /home/triton-ai/motion_plan_pkg/build/motion_plan_pkg/build/lib/motion_plan_pkg/graph_ltpl/offline_graph/src
copying motion_plan_pkg/graph_ltpl/offline_graph/src/__init__.py -> /home/triton-ai/motion_plan_pkg/build/motion_plan_pkg/build/lib/motion_plan_pkg/graph_ltpl/offline_graph/src
creating /home/triton-ai/motion_plan_pkg/build/motion_plan_pkg/build/lib/motion_plan_pkg/graph_ltpl/imp_global_traj/src
copying motion_plan_pkg/graph_ltpl/imp_global_traj/src/variable_step_size.py -> /home/triton-ai/motion_plan_pkg/build/motion_plan_pkg/build/lib/motion_plan_pkg/graph_ltpl/imp_global_traj/src
copying motion_plan_pkg/graph_ltpl/imp_global_traj/src/import_globtraj_csv.py -> /home/triton-ai/motion_plan_pkg/build/motion_plan_pkg/build/lib/motion_plan_pkg/graph_ltpl/imp_global_traj/src
copying motion_plan_pkg/graph_ltpl/imp_global_traj/src/__init__.py -> /home/triton-ai/motion_plan_pkg/build/motion_plan_pkg/build/lib/motion_plan_pkg/graph_ltpl/imp_global_traj/src
creating /home/triton-ai/motion_plan_pkg/build/motion_plan_pkg/build/lib/motion_plan_pkg/graph_ltpl/online_graph/src
copying motion_plan_pkg/graph_ltpl/online_graph/src/get_intersec_edges.py -> /home/triton-ai/motion_plan_pkg/build/motion_plan_pkg/build/lib/motion_plan_pkg/graph_ltpl/online_graph/src
copying motion_plan_pkg/graph_ltpl/online_graph/src/VpForwardBackward.py -> /home/triton-ai/motion_plan_pkg/build/motion_plan_pkg/build/lib/motion_plan_pkg/graph_ltpl/online_graph/src
copying motion_plan_pkg/graph_ltpl/online_graph/src/VpSQP.py -> /home/triton-ai/motion_plan_pkg/build/motion_plan_pkg/build/lib/motion_plan_pkg/graph_ltpl/online_graph/src
copying motion_plan_pkg/graph_ltpl/online_graph/src/get_zone_nodes.py -> /home/triton-ai/motion_plan_pkg/build/motion_plan_pkg/build/lib/motion_plan_pkg/graph_ltpl/online_graph/src
copying motion_plan_pkg/graph_ltpl/online_graph/src/gen_local_node_template.py -> /home/triton-ai/motion_plan_pkg/build/motion_plan_pkg/build/lib/motion_plan_pkg/graph_ltpl/online_graph/src
copying motion_plan_pkg/graph_ltpl/online_graph/src/OnlineTrajectoryHandler.py -> /home/triton-ai/motion_plan_pkg/build/motion_plan_pkg/build/lib/motion_plan_pkg/graph_ltpl/online_graph/src
copying motion_plan_pkg/graph_ltpl/online_graph/src/check_inside_bounds.py -> /home/triton-ai/motion_plan_pkg/build/motion_plan_pkg/build/lib/motion_plan_pkg/graph_ltpl/online_graph/src
copying motion_plan_pkg/graph_ltpl/online_graph/src/main_online_path_gen.py -> /home/triton-ai/motion_plan_pkg/build/motion_plan_pkg/build/lib/motion_plan_pkg/graph_ltpl/online_graph/src
copying motion_plan_pkg/graph_ltpl/online_graph/src/__init__.py -> /home/triton-ai/motion_plan_pkg/build/motion_plan_pkg/build/lib/motion_plan_pkg/graph_ltpl/online_graph/src
running install
running install_lib
creating /home/triton-ai/motion_plan_pkg/install/motion_plan_pkg/lib/python3.8/site-packages/motion_plan_pkg
copying /home/triton-ai/motion_plan_pkg/build/motion_plan_pkg/build/lib/motion_plan_pkg/main_std_example.py -> /home/triton-ai/motion_plan_pkg/install/motion_plan_pkg/lib/python3.8/site-packages/motion_plan_pkg
copying /home/triton-ai/motion_plan_pkg/build/motion_plan_pkg/build/lib/motion_plan_pkg/motion_plan.py -> /home/triton-ai/motion_plan_pkg/install/motion_plan_pkg/lib/python3.8/site-packages/motion_plan_pkg
creating /home/triton-ai/motion_plan_pkg/install/motion_plan_pkg/lib/python3.8/site-packages/motion_plan_pkg/graph_ltpl
creating /home/triton-ai/motion_plan_pkg/install/motion_plan_pkg/lib/python3.8/site-packages/motion_plan_pkg/graph_ltpl/visualization
creating /home/triton-ai/motion_plan_pkg/install/motion_plan_pkg/lib/python3.8/site-packages/motion_plan_pkg/graph_ltpl/visualization/src
copying /home/triton-ai/motion_plan_pkg/build/motion_plan_pkg/build/lib/motion_plan_pkg/graph_ltpl/visualization/src/visualize_graph_log.py -> /home/triton-ai/motion_plan_pkg/install/motion_plan_pkg/lib/python3.8/site-packages/motion_plan_pkg/graph_ltpl/visualization/src
copying /home/triton-ai/motion_plan_pkg/build/motion_plan_pkg/build/lib/motion_plan_pkg/graph_ltpl/visualization/src/PlotHandler.py -> /home/triton-ai/motion_plan_pkg/install/motion_plan_pkg/lib/python3.8/site-packages/motion_plan_pkg/graph_ltpl/visualization/src
copying /home/triton-ai/motion_plan_pkg/build/motion_plan_pkg/build/lib/motion_plan_pkg/graph_ltpl/visualization/src/__init__.py -> /home/triton-ai/motion_plan_pkg/install/motion_plan_pkg/lib/python3.8/site-packages/motion_plan_pkg/graph_ltpl/visualization/src
copying /home/triton-ai/motion_plan_pkg/build/motion_plan_pkg/build/lib/motion_plan_pkg/graph_ltpl/visualization/__init__.py -> /home/triton-ai/motion_plan_pkg/install/motion_plan_pkg/lib/python3.8/site-packages/motion_plan_pkg/graph_ltpl/visualization
creating /home/triton-ai/motion_plan_pkg/install/motion_plan_pkg/lib/python3.8/site-packages/motion_plan_pkg/graph_ltpl/data_objects
copying /home/triton-ai/motion_plan_pkg/build/motion_plan_pkg/build/lib/motion_plan_pkg/graph_ltpl/data_objects/GraphBase.py -> /home/triton-ai/motion_plan_pkg/install/motion_plan_pkg/lib/python3.8/site-packages/motion_plan_pkg/graph_ltpl/data_objects
copying /home/triton-ai/motion_plan_pkg/build/motion_plan_pkg/build/lib/motion_plan_pkg/graph_ltpl/data_objects/__init__.py -> /home/triton-ai/motion_plan_pkg/install/motion_plan_pkg/lib/python3.8/site-packages/motion_plan_pkg/graph_ltpl/data_objects
copying /home/triton-ai/motion_plan_pkg/build/motion_plan_pkg/build/lib/motion_plan_pkg/graph_ltpl/data_objects/ObjectListInterface.py -> /home/triton-ai/motion_plan_pkg/install/motion_plan_pkg/lib/python3.8/site-packages/motion_plan_pkg/graph_ltpl/data_objects
creating /home/triton-ai/motion_plan_pkg/install/motion_plan_pkg/lib/python3.8/site-packages/motion_plan_pkg/graph_ltpl/helper_funcs
creating /home/triton-ai/motion_plan_pkg/install/motion_plan_pkg/lib/python3.8/site-packages/motion_plan_pkg/graph_ltpl/helper_funcs/src
copying /home/triton-ai/motion_plan_pkg/build/motion_plan_pkg/build/lib/motion_plan_pkg/graph_ltpl/helper_funcs/src/closest_path_index.py -> /home/triton-ai/motion_plan_pkg/install/motion_plan_pkg/lib/python3.8/site-packages/motion_plan_pkg/graph_ltpl/helper_funcs/src
copying /home/triton-ai/motion_plan_pkg/build/motion_plan_pkg/build/lib/motion_plan_pkg/graph_ltpl/helper_funcs/src/Logging.py -> /home/triton-ai/motion_plan_pkg/install/motion_plan_pkg/lib/python3.8/site-packages/motion_plan_pkg/graph_ltpl/helper_funcs/src
copying /home/triton-ai/motion_plan_pkg/build/motion_plan_pkg/build/lib/motion_plan_pkg/graph_ltpl/helper_funcs/src/get_s_coord.py -> /home/triton-ai/motion_plan_pkg/install/motion_plan_pkg/lib/python3.8/site-packages/motion_plan_pkg/graph_ltpl/helper_funcs/src
copying /home/triton-ai/motion_plan_pkg/build/motion_plan_pkg/build/lib/motion_plan_pkg/graph_ltpl/helper_funcs/src/calc_brake_emergency.py -> /home/triton-ai/motion_plan_pkg/install/motion_plan_pkg/lib/python3.8/site-packages/motion_plan_pkg/graph_ltpl/helper_funcs/src
copying /home/triton-ai/motion_plan_pkg/build/motion_plan_pkg/build/lib/motion_plan_pkg/graph_ltpl/helper_funcs/src/calc_vel_profile_follow.py -> /home/triton-ai/motion_plan_pkg/install/motion_plan_pkg/lib/python3.8/site-packages/motion_plan_pkg/graph_ltpl/helper_funcs/src
copying /home/triton-ai/motion_plan_pkg/build/motion_plan_pkg/build/lib/motion_plan_pkg/graph_ltpl/helper_funcs/src/__init__.py -> /home/triton-ai/motion_plan_pkg/install/motion_plan_pkg/lib/python3.8/site-packages/motion_plan_pkg/graph_ltpl/helper_funcs/src
copying /home/triton-ai/motion_plan_pkg/build/motion_plan_pkg/build/lib/motion_plan_pkg/graph_ltpl/helper_funcs/__init__.py -> /home/triton-ai/motion_plan_pkg/install/motion_plan_pkg/lib/python3.8/site-packages/motion_plan_pkg/graph_ltpl/helper_funcs
creating /home/triton-ai/motion_plan_pkg/install/motion_plan_pkg/lib/python3.8/site-packages/motion_plan_pkg/graph_ltpl/testing_tools
creating /home/triton-ai/motion_plan_pkg/install/motion_plan_pkg/lib/python3.8/site-packages/motion_plan_pkg/graph_ltpl/testing_tools/src
copying /home/triton-ai/motion_plan_pkg/build/motion_plan_pkg/build/lib/motion_plan_pkg/graph_ltpl/testing_tools/src/vdc_dummy.py -> /home/triton-ai/motion_plan_pkg/install/motion_plan_pkg/lib/python3.8/site-packages/motion_plan_pkg/graph_ltpl/testing_tools/src
copying /home/triton-ai/motion_plan_pkg/build/motion_plan_pkg/build/lib/motion_plan_pkg/graph_ltpl/testing_tools/src/objectlist_dummy.py -> /home/triton-ai/motion_plan_pkg/install/motion_plan_pkg/lib/python3.8/site-packages/motion_plan_pkg/graph_ltpl/testing_tools/src
copying /home/triton-ai/motion_plan_pkg/build/motion_plan_pkg/build/lib/motion_plan_pkg/graph_ltpl/testing_tools/src/__init__.py -> /home/triton-ai/motion_plan_pkg/install/motion_plan_pkg/lib/python3.8/site-packages/motion_plan_pkg/graph_ltpl/testing_tools/src
copying /home/triton-ai/motion_plan_pkg/build/motion_plan_pkg/build/lib/motion_plan_pkg/graph_ltpl/testing_tools/__init__.py -> /home/triton-ai/motion_plan_pkg/install/motion_plan_pkg/lib/python3.8/site-packages/motion_plan_pkg/graph_ltpl/testing_tools
creating /home/triton-ai/motion_plan_pkg/install/motion_plan_pkg/lib/python3.8/site-packages/motion_plan_pkg/graph_ltpl/offline_graph
creating /home/triton-ai/motion_plan_pkg/install/motion_plan_pkg/lib/python3.8/site-packages/motion_plan_pkg/graph_ltpl/offline_graph/src
copying /home/triton-ai/motion_plan_pkg/build/motion_plan_pkg/build/lib/motion_plan_pkg/graph_ltpl/offline_graph/src/gen_offline_cost.py -> /home/triton-ai/motion_plan_pkg/install/motion_plan_pkg/lib/python3.8/site-packages/motion_plan_pkg/graph_ltpl/offline_graph/src
copying /home/triton-ai/motion_plan_pkg/build/motion_plan_pkg/build/lib/motion_plan_pkg/graph_ltpl/offline_graph/src/gen_node_skeleton.py -> /home/triton-ai/motion_plan_pkg/install/motion_plan_pkg/lib/python3.8/site-packages/motion_plan_pkg/graph_ltpl/offline_graph/src
copying /home/triton-ai/motion_plan_pkg/build/motion_plan_pkg/build/lib/motion_plan_pkg/graph_ltpl/offline_graph/src/prune_graph.py -> /home/triton-ai/motion_plan_pkg/install/motion_plan_pkg/lib/python3.8/site-packages/motion_plan_pkg/graph_ltpl/offline_graph/src
copying /home/triton-ai/motion_plan_pkg/build/motion_plan_pkg/build/lib/motion_plan_pkg/graph_ltpl/offline_graph/src/gen_edges.py -> /home/triton-ai/motion_plan_pkg/install/motion_plan_pkg/lib/python3.8/site-packages/motion_plan_pkg/graph_ltpl/offline_graph/src
copying /home/triton-ai/motion_plan_pkg/build/motion_plan_pkg/build/lib/motion_plan_pkg/graph_ltpl/offline_graph/src/main_offline_callback.py -> /home/triton-ai/motion_plan_pkg/install/motion_plan_pkg/lib/python3.8/site-packages/motion_plan_pkg/graph_ltpl/offline_graph/src
copying /home/triton-ai/motion_plan_pkg/build/motion_plan_pkg/build/lib/motion_plan_pkg/graph_ltpl/offline_graph/src/__init__.py -> /home/triton-ai/motion_plan_pkg/install/motion_plan_pkg/lib/python3.8/site-packages/motion_plan_pkg/graph_ltpl/offline_graph/src
copying /home/triton-ai/motion_plan_pkg/build/motion_plan_pkg/build/lib/motion_plan_pkg/graph_ltpl/offline_graph/__init__.py -> /home/triton-ai/motion_plan_pkg/install/motion_plan_pkg/lib/python3.8/site-packages/motion_plan_pkg/graph_ltpl/offline_graph
copying /home/triton-ai/motion_plan_pkg/build/motion_plan_pkg/build/lib/motion_plan_pkg/graph_ltpl/Graph_LTPL.py -> /home/triton-ai/motion_plan_pkg/install/motion_plan_pkg/lib/python3.8/site-packages/motion_plan_pkg/graph_ltpl
copying /home/triton-ai/motion_plan_pkg/build/motion_plan_pkg/build/lib/motion_plan_pkg/graph_ltpl/__init__.py -> /home/triton-ai/motion_plan_pkg/install/motion_plan_pkg/lib/python3.8/site-packages/motion_plan_pkg/graph_ltpl
creating /home/triton-ai/motion_plan_pkg/install/motion_plan_pkg/lib/python3.8/site-packages/motion_plan_pkg/graph_ltpl/imp_global_traj
creating /home/triton-ai/motion_plan_pkg/install/motion_plan_pkg/lib/python3.8/site-packages/motion_plan_pkg/graph_ltpl/imp_global_traj/src
copying /home/triton-ai/motion_plan_pkg/build/motion_plan_pkg/build/lib/motion_plan_pkg/graph_ltpl/imp_global_traj/src/variable_step_size.py -> /home/triton-ai/motion_plan_pkg/install/motion_plan_pkg/lib/python3.8/site-packages/motion_plan_pkg/graph_ltpl/imp_global_traj/src
copying /home/triton-ai/motion_plan_pkg/build/motion_plan_pkg/build/lib/motion_plan_pkg/graph_ltpl/imp_global_traj/src/import_globtraj_csv.py -> /home/triton-ai/motion_plan_pkg/install/motion_plan_pkg/lib/python3.8/site-packages/motion_plan_pkg/graph_ltpl/imp_global_traj/src
copying /home/triton-ai/motion_plan_pkg/build/motion_plan_pkg/build/lib/motion_plan_pkg/graph_ltpl/imp_global_traj/src/__init__.py -> /home/triton-ai/motion_plan_pkg/install/motion_plan_pkg/lib/python3.8/site-packages/motion_plan_pkg/graph_ltpl/imp_global_traj/src
copying /home/triton-ai/motion_plan_pkg/build/motion_plan_pkg/build/lib/motion_plan_pkg/graph_ltpl/imp_global_traj/__init__.py -> /home/triton-ai/motion_plan_pkg/install/motion_plan_pkg/lib/python3.8/site-packages/motion_plan_pkg/graph_ltpl/imp_global_traj
creating /home/triton-ai/motion_plan_pkg/install/motion_plan_pkg/lib/python3.8/site-packages/motion_plan_pkg/graph_ltpl/online_graph
creating /home/triton-ai/motion_plan_pkg/install/motion_plan_pkg/lib/python3.8/site-packages/motion_plan_pkg/graph_ltpl/online_graph/src
copying /home/triton-ai/motion_plan_pkg/build/motion_plan_pkg/build/lib/motion_plan_pkg/graph_ltpl/online_graph/src/get_intersec_edges.py -> /home/triton-ai/motion_plan_pkg/install/motion_plan_pkg/lib/python3.8/site-packages/motion_plan_pkg/graph_ltpl/online_graph/src
copying /home/triton-ai/motion_plan_pkg/build/motion_plan_pkg/build/lib/motion_plan_pkg/graph_ltpl/online_graph/src/VpForwardBackward.py -> /home/triton-ai/motion_plan_pkg/install/motion_plan_pkg/lib/python3.8/site-packages/motion_plan_pkg/graph_ltpl/online_graph/src
copying /home/triton-ai/motion_plan_pkg/build/motion_plan_pkg/build/lib/motion_plan_pkg/graph_ltpl/online_graph/src/VpSQP.py -> /home/triton-ai/motion_plan_pkg/install/motion_plan_pkg/lib/python3.8/site-packages/motion_plan_pkg/graph_ltpl/online_graph/src
copying /home/triton-ai/motion_plan_pkg/build/motion_plan_pkg/build/lib/motion_plan_pkg/graph_ltpl/online_graph/src/get_zone_nodes.py -> /home/triton-ai/motion_plan_pkg/install/motion_plan_pkg/lib/python3.8/site-packages/motion_plan_pkg/graph_ltpl/online_graph/src
copying /home/triton-ai/motion_plan_pkg/build/motion_plan_pkg/build/lib/motion_plan_pkg/graph_ltpl/online_graph/src/gen_local_node_template.py -> /home/triton-ai/motion_plan_pkg/install/motion_plan_pkg/lib/python3.8/site-packages/motion_plan_pkg/graph_ltpl/online_graph/src
copying /home/triton-ai/motion_plan_pkg/build/motion_plan_pkg/build/lib/motion_plan_pkg/graph_ltpl/online_graph/src/OnlineTrajectoryHandler.py -> /home/triton-ai/motion_plan_pkg/install/motion_plan_pkg/lib/python3.8/site-packages/motion_plan_pkg/graph_ltpl/online_graph/src
copying /home/triton-ai/motion_plan_pkg/build/motion_plan_pkg/build/lib/motion_plan_pkg/graph_ltpl/online_graph/src/check_inside_bounds.py -> /home/triton-ai/motion_plan_pkg/install/motion_plan_pkg/lib/python3.8/site-packages/motion_plan_pkg/graph_ltpl/online_graph/src
copying /home/triton-ai/motion_plan_pkg/build/motion_plan_pkg/build/lib/motion_plan_pkg/graph_ltpl/online_graph/src/main_online_path_gen.py -> /home/triton-ai/motion_plan_pkg/install/motion_plan_pkg/lib/python3.8/site-packages/motion_plan_pkg/graph_ltpl/online_graph/src
copying /home/triton-ai/motion_plan_pkg/build/motion_plan_pkg/build/lib/motion_plan_pkg/graph_ltpl/online_graph/src/__init__.py -> /home/triton-ai/motion_plan_pkg/install/motion_plan_pkg/lib/python3.8/site-packages/motion_plan_pkg/graph_ltpl/online_graph/src
copying /home/triton-ai/motion_plan_pkg/build/motion_plan_pkg/build/lib/motion_plan_pkg/graph_ltpl/online_graph/__init__.py -> /home/triton-ai/motion_plan_pkg/install/motion_plan_pkg/lib/python3.8/site-packages/motion_plan_pkg/graph_ltpl/online_graph
copying /home/triton-ai/motion_plan_pkg/build/motion_plan_pkg/build/lib/motion_plan_pkg/__init__.py -> /home/triton-ai/motion_plan_pkg/install/motion_plan_pkg/lib/python3.8/site-packages/motion_plan_pkg
byte-compiling /home/triton-ai/motion_plan_pkg/install/motion_plan_pkg/lib/python3.8/site-packages/motion_plan_pkg/main_std_example.py to main_std_example.cpython-38.pyc
byte-compiling /home/triton-ai/motion_plan_pkg/install/motion_plan_pkg/lib/python3.8/site-packages/motion_plan_pkg/motion_plan.py to motion_plan.cpython-38.pyc
byte-compiling /home/triton-ai/motion_plan_pkg/install/motion_plan_pkg/lib/python3.8/site-packages/motion_plan_pkg/graph_ltpl/visualization/src/visualize_graph_log.py to visualize_graph_log.cpython-38.pyc
byte-compiling /home/triton-ai/motion_plan_pkg/install/motion_plan_pkg/lib/python3.8/site-packages/motion_plan_pkg/graph_ltpl/visualization/src/PlotHandler.py to PlotHandler.cpython-38.pyc
byte-compiling /home/triton-ai/motion_plan_pkg/install/motion_plan_pkg/lib/python3.8/site-packages/motion_plan_pkg/graph_ltpl/visualization/src/__init__.py to __init__.cpython-38.pyc
byte-compiling /home/triton-ai/motion_plan_pkg/install/motion_plan_pkg/lib/python3.8/site-packages/motion_plan_pkg/graph_ltpl/visualization/__init__.py to __init__.cpython-38.pyc
byte-compiling /home/triton-ai/motion_plan_pkg/install/motion_plan_pkg/lib/python3.8/site-packages/motion_plan_pkg/graph_ltpl/data_objects/GraphBase.py to GraphBase.cpython-38.pyc
byte-compiling /home/triton-ai/motion_plan_pkg/install/motion_plan_pkg/lib/python3.8/site-packages/motion_plan_pkg/graph_ltpl/data_objects/__init__.py to __init__.cpython-38.pyc
byte-compiling /home/triton-ai/motion_plan_pkg/install/motion_plan_pkg/lib/python3.8/site-packages/motion_plan_pkg/graph_ltpl/data_objects/ObjectListInterface.py to ObjectListInterface.cpython-38.pyc
byte-compiling /home/triton-ai/motion_plan_pkg/install/motion_plan_pkg/lib/python3.8/site-packages/motion_plan_pkg/graph_ltpl/helper_funcs/src/closest_path_index.py to closest_path_index.cpython-38.pyc
byte-compiling /home/triton-ai/motion_plan_pkg/install/motion_plan_pkg/lib/python3.8/site-packages/motion_plan_pkg/graph_ltpl/helper_funcs/src/Logging.py to Logging.cpython-38.pyc
byte-compiling /home/triton-ai/motion_plan_pkg/install/motion_plan_pkg/lib/python3.8/site-packages/motion_plan_pkg/graph_ltpl/helper_funcs/src/get_s_coord.py to get_s_coord.cpython-38.pyc
byte-compiling /home/triton-ai/motion_plan_pkg/install/motion_plan_pkg/lib/python3.8/site-packages/motion_plan_pkg/graph_ltpl/helper_funcs/src/calc_brake_emergency.py to calc_brake_emergency.cpython-38.pyc
byte-compiling /home/triton-ai/motion_plan_pkg/install/motion_plan_pkg/lib/python3.8/site-packages/motion_plan_pkg/graph_ltpl/helper_funcs/src/calc_vel_profile_follow.py to calc_vel_profile_follow.cpython-38.pyc
byte-compiling /home/triton-ai/motion_plan_pkg/install/motion_plan_pkg/lib/python3.8/site-packages/motion_plan_pkg/graph_ltpl/helper_funcs/src/__init__.py to __init__.cpython-38.pyc
byte-compiling /home/triton-ai/motion_plan_pkg/install/motion_plan_pkg/lib/python3.8/site-packages/motion_plan_pkg/graph_ltpl/helper_funcs/__init__.py to __init__.cpython-38.pyc
byte-compiling /home/triton-ai/motion_plan_pkg/install/motion_plan_pkg/lib/python3.8/site-packages/motion_plan_pkg/graph_ltpl/testing_tools/src/vdc_dummy.py to vdc_dummy.cpython-38.pyc
byte-compiling /home/triton-ai/motion_plan_pkg/install/motion_plan_pkg/lib/python3.8/site-packages/motion_plan_pkg/graph_ltpl/testing_tools/src/objectlist_dummy.py to objectlist_dummy.cpython-38.pyc
byte-compiling /home/triton-ai/motion_plan_pkg/install/motion_plan_pkg/lib/python3.8/site-packages/motion_plan_pkg/graph_ltpl/testing_tools/src/__init__.py to __init__.cpython-38.pyc
byte-compiling /home/triton-ai/motion_plan_pkg/install/motion_plan_pkg/lib/python3.8/site-packages/motion_plan_pkg/graph_ltpl/testing_tools/__init__.py to __init__.cpython-38.pyc
byte-compiling /home/triton-ai/motion_plan_pkg/install/motion_plan_pkg/lib/python3.8/site-packages/motion_plan_pkg/graph_ltpl/offline_graph/src/gen_offline_cost.py to gen_offline_cost.cpython-38.pyc
byte-compiling /home/triton-ai/motion_plan_pkg/install/motion_plan_pkg/lib/python3.8/site-packages/motion_plan_pkg/graph_ltpl/offline_graph/src/gen_node_skeleton.py to gen_node_skeleton.cpython-38.pyc
byte-compiling /home/triton-ai/motion_plan_pkg/install/motion_plan_pkg/lib/python3.8/site-packages/motion_plan_pkg/graph_ltpl/offline_graph/src/prune_graph.py to prune_graph.cpython-38.pyc
byte-compiling /home/triton-ai/motion_plan_pkg/install/motion_plan_pkg/lib/python3.8/site-packages/motion_plan_pkg/graph_ltpl/offline_graph/src/gen_edges.py to gen_edges.cpython-38.pyc
byte-compiling /home/triton-ai/motion_plan_pkg/install/motion_plan_pkg/lib/python3.8/site-packages/motion_plan_pkg/graph_ltpl/offline_graph/src/main_offline_callback.py to main_offline_callback.cpython-38.pyc
byte-compiling /home/triton-ai/motion_plan_pkg/install/motion_plan_pkg/lib/python3.8/site-packages/motion_plan_pkg/graph_ltpl/offline_graph/src/__init__.py to __init__.cpython-38.pyc
byte-compiling /home/triton-ai/motion_plan_pkg/install/motion_plan_pkg/lib/python3.8/site-packages/motion_plan_pkg/graph_ltpl/offline_graph/__init__.py to __init__.cpython-38.pyc
byte-compiling /home/triton-ai/motion_plan_pkg/install/motion_plan_pkg/lib/python3.8/site-packages/motion_plan_pkg/graph_ltpl/Graph_LTPL.py to Graph_LTPL.cpython-38.pyc
byte-compiling /home/triton-ai/motion_plan_pkg/install/motion_plan_pkg/lib/python3.8/site-packages/motion_plan_pkg/graph_ltpl/__init__.py to __init__.cpython-38.pyc
byte-compiling /home/triton-ai/motion_plan_pkg/install/motion_plan_pkg/lib/python3.8/site-packages/motion_plan_pkg/graph_ltpl/imp_global_traj/src/variable_step_size.py to variable_step_size.cpython-38.pyc
byte-compiling /home/triton-ai/motion_plan_pkg/install/motion_plan_pkg/lib/python3.8/site-packages/motion_plan_pkg/graph_ltpl/imp_global_traj/src/import_globtraj_csv.py to import_globtraj_csv.cpython-38.pyc
byte-compiling /home/triton-ai/motion_plan_pkg/install/motion_plan_pkg/lib/python3.8/site-packages/motion_plan_pkg/graph_ltpl/imp_global_traj/src/__init__.py to __init__.cpython-38.pyc
byte-compiling /home/triton-ai/motion_plan_pkg/install/motion_plan_pkg/lib/python3.8/site-packages/motion_plan_pkg/graph_ltpl/imp_global_traj/__init__.py to __init__.cpython-38.pyc
byte-compiling /home/triton-ai/motion_plan_pkg/install/motion_plan_pkg/lib/python3.8/site-packages/motion_plan_pkg/graph_ltpl/online_graph/src/get_intersec_edges.py to get_intersec_edges.cpython-38.pyc
byte-compiling /home/triton-ai/motion_plan_pkg/install/motion_plan_pkg/lib/python3.8/site-packages/motion_plan_pkg/graph_ltpl/online_graph/src/VpForwardBackward.py to VpForwardBackward.cpython-38.pyc
byte-compiling /home/triton-ai/motion_plan_pkg/install/motion_plan_pkg/lib/python3.8/site-packages/motion_plan_pkg/graph_ltpl/online_graph/src/VpSQP.py to VpSQP.cpython-38.pyc
byte-compiling /home/triton-ai/motion_plan_pkg/install/motion_plan_pkg/lib/python3.8/site-packages/motion_plan_pkg/graph_ltpl/online_graph/src/get_zone_nodes.py to get_zone_nodes.cpython-38.pyc
byte-compiling /home/triton-ai/motion_plan_pkg/install/motion_plan_pkg/lib/python3.8/site-packages/motion_plan_pkg/graph_ltpl/online_graph/src/gen_local_node_template.py to gen_local_node_template.cpython-38.pyc
byte-compiling /home/triton-ai/motion_plan_pkg/install/motion_plan_pkg/lib/python3.8/site-packages/motion_plan_pkg/graph_ltpl/online_graph/src/OnlineTrajectoryHandler.py to OnlineTrajectoryHandler.cpython-38.pyc
byte-compiling /home/triton-ai/motion_plan_pkg/install/motion_plan_pkg/lib/python3.8/site-packages/motion_plan_pkg/graph_ltpl/online_graph/src/check_inside_bounds.py to check_inside_bounds.cpython-38.pyc
byte-compiling /home/triton-ai/motion_plan_pkg/install/motion_plan_pkg/lib/python3.8/site-packages/motion_plan_pkg/graph_ltpl/online_graph/src/main_online_path_gen.py to main_online_path_gen.cpython-38.pyc
byte-compiling /home/triton-ai/motion_plan_pkg/install/motion_plan_pkg/lib/python3.8/site-packages/motion_plan_pkg/graph_ltpl/online_graph/src/__init__.py to __init__.cpython-38.pyc
byte-compiling /home/triton-ai/motion_plan_pkg/install/motion_plan_pkg/lib/python3.8/site-packages/motion_plan_pkg/graph_ltpl/online_graph/__init__.py to __init__.cpython-38.pyc
byte-compiling /home/triton-ai/motion_plan_pkg/install/motion_plan_pkg/lib/python3.8/site-packages/motion_plan_pkg/__init__.py to __init__.cpython-38.pyc
running install_data
copying package.xml -> /home/triton-ai/motion_plan_pkg/install/motion_plan_pkg/share/motion_plan_pkg
running install_egg_info
Copying build/motion_plan_pkg/motion_plan_pkg.egg-info to /home/triton-ai/motion_plan_pkg/install/motion_plan_pkg/lib/python3.8/site-packages/motion_plan_pkg-0.0.0-py3.8.egg-info
running install_scripts
Installing motion_plan script to /home/triton-ai/motion_plan_pkg/install/motion_plan_pkg/lib/motion_plan_pkg
writing list of installed files to '/home/triton-ai/motion_plan_pkg/build/motion_plan_pkg/install.log'
