/home/triton-ai/motion_plan_pkg/install/motion_plan_pkg/lib/python3.8/site-packages/motion_plan_pkg/main_std_example.py
/home/triton-ai/motion_plan_pkg/install/motion_plan_pkg/lib/python3.8/site-packages/motion_plan_pkg/motion_plan.py
/home/triton-ai/motion_plan_pkg/install/motion_plan_pkg/lib/python3.8/site-packages/motion_plan_pkg/__init__.py
/home/triton-ai/motion_plan_pkg/install/motion_plan_pkg/lib/python3.8/site-packages/motion_plan_pkg/motion_plan_backup.py
/home/triton-ai/motion_plan_pkg/install/motion_plan_pkg/lib/python3.8/site-packages/motion_plan_pkg/graph_ltpl/Graph_LTPL.py
/home/triton-ai/motion_plan_pkg/install/motion_plan_pkg/lib/python3.8/site-packages/motion_plan_pkg/graph_ltpl/__init__.py
/home/triton-ai/motion_plan_pkg/install/motion_plan_pkg/lib/python3.8/site-packages/motion_plan_pkg/__pycache__/main_std_example.cpython-38.pyc
/home/triton-ai/motion_plan_pkg/install/motion_plan_pkg/lib/python3.8/site-packages/motion_plan_pkg/__pycache__/motion_plan.cpython-38.pyc
/home/triton-ai/motion_plan_pkg/install/motion_plan_pkg/lib/python3.8/site-packages/motion_plan_pkg/__pycache__/__init__.cpython-38.pyc
/home/triton-ai/motion_plan_pkg/install/motion_plan_pkg/lib/python3.8/site-packages/motion_plan_pkg/__pycache__/motion_plan_backup.cpython-38.pyc
/home/triton-ai/motion_plan_pkg/install/motion_plan_pkg/lib/python3.8/site-packages/motion_plan_pkg/graph_ltpl/__pycache__/Graph_LTPL.cpython-38.pyc
/home/triton-ai/motion_plan_pkg/install/motion_plan_pkg/lib/python3.8/site-packages/motion_plan_pkg/graph_ltpl/__pycache__/__init__.cpython-38.pyc
/home/triton-ai/motion_plan_pkg/install/motion_plan_pkg/share/ament_index/resource_index/packages/motion_plan_pkg
/home/triton-ai/motion_plan_pkg/install/motion_plan_pkg/share/motion_plan_pkg/package.xml
/home/triton-ai/motion_plan_pkg/install/motion_plan_pkg/share/motion_plan_pkg/motion_plan_launch_file.launch.py
/home/triton-ai/motion_plan_pkg/install/motion_plan_pkg/share/motion_plan_pkg/graph_ltpl
/home/triton-ai/motion_plan_pkg/install/motion_plan_pkg/share/motion_plan_pkg/params
/home/triton-ai/motion_plan_pkg/install/motion_plan_pkg/share/motion_plan_pkg/inputs
/home/triton-ai/motion_plan_pkg/install/motion_plan_pkg/lib/python3.8/site-packages/motion_plan_pkg-0.0.0-py3.8.egg-info/SOURCES.txt
/home/triton-ai/motion_plan_pkg/install/motion_plan_pkg/lib/python3.8/site-packages/motion_plan_pkg-0.0.0-py3.8.egg-info/requires.txt
/home/triton-ai/motion_plan_pkg/install/motion_plan_pkg/lib/python3.8/site-packages/motion_plan_pkg-0.0.0-py3.8.egg-info/PKG-INFO
/home/triton-ai/motion_plan_pkg/install/motion_plan_pkg/lib/python3.8/site-packages/motion_plan_pkg-0.0.0-py3.8.egg-info/entry_points.txt
/home/triton-ai/motion_plan_pkg/install/motion_plan_pkg/lib/python3.8/site-packages/motion_plan_pkg-0.0.0-py3.8.egg-info/top_level.txt
/home/triton-ai/motion_plan_pkg/install/motion_plan_pkg/lib/python3.8/site-packages/motion_plan_pkg-0.0.0-py3.8.egg-info/dependency_links.txt
/home/triton-ai/motion_plan_pkg/install/motion_plan_pkg/lib/python3.8/site-packages/motion_plan_pkg-0.0.0-py3.8.egg-info/zip-safe
/home/triton-ai/motion_plan_pkg/install/motion_plan_pkg/lib/motion_plan_pkg/motion_plan
