[0.812s] Invoking command in '/home/triton-ai/motion_plan_pkg': PYTHONPATH=/home/triton-ai/motion_plan_pkg/install/motion_plan_pkg/lib/python3.8/site-packages:${PYTHONPATH} /usr/bin/python3 setup.py egg_info --egg-base build/motion_plan_pkg build --build-base /home/triton-ai/motion_plan_pkg/build/motion_plan_pkg/build install --prefix /home/triton-ai/motion_plan_pkg/install/motion_plan_pkg --record /home/triton-ai/motion_plan_pkg/build/motion_plan_pkg/install.log --single-version-externally-managed
[1.105s] running egg_info
[1.105s] creating build/motion_plan_pkg/motion_plan_pkg.egg-info
[1.106s] writing build/motion_plan_pkg/motion_plan_pkg.egg-info/PKG-INFO
[1.106s] writing dependency_links to build/motion_plan_pkg/motion_plan_pkg.egg-info/dependency_links.txt
[1.106s] writing entry points to build/motion_plan_pkg/motion_plan_pkg.egg-info/entry_points.txt
[1.107s] writing requirements to build/motion_plan_pkg/motion_plan_pkg.egg-info/requires.txt
[1.107s] writing top-level names to build/motion_plan_pkg/motion_plan_pkg.egg-info/top_level.txt
[1.108s] writing manifest file 'build/motion_plan_pkg/motion_plan_pkg.egg-info/SOURCES.txt'
[1.152s] package init file 'motion_plan_pkg/params/__init__.py' not found (or not a regular file)
[1.153s] package init file 'motion_plan_pkg/inputs/__init__.py' not found (or not a regular file)
[1.153s] reading manifest file 'build/motion_plan_pkg/motion_plan_pkg.egg-info/SOURCES.txt'
[1.154s] writing manifest file 'build/motion_plan_pkg/motion_plan_pkg.egg-info/SOURCES.txt'
[1.154s] running build
[1.154s] running build_py
[1.154s] copying motion_plan_pkg/motion_plan.py -> /home/triton-ai/motion_plan_pkg/build/motion_plan_pkg/build/lib/motion_plan_pkg
[1.154s] copying motion_plan_pkg/motion_plan_backup.py -> /home/triton-ai/motion_plan_pkg/build/motion_plan_pkg/build/lib/motion_plan_pkg
[1.155s] running install
[1.156s] running install_lib
[1.157s] copying /home/triton-ai/motion_plan_pkg/build/motion_plan_pkg/build/lib/motion_plan_pkg/motion_plan.py -> /home/triton-ai/motion_plan_pkg/install/motion_plan_pkg/lib/python3.8/site-packages/motion_plan_pkg
[1.159s] copying /home/triton-ai/motion_plan_pkg/build/motion_plan_pkg/build/lib/motion_plan_pkg/motion_plan_backup.py -> /home/triton-ai/motion_plan_pkg/install/motion_plan_pkg/lib/python3.8/site-packages/motion_plan_pkg
[1.160s] byte-compiling /home/triton-ai/motion_plan_pkg/install/motion_plan_pkg/lib/python3.8/site-packages/motion_plan_pkg/motion_plan.py to motion_plan.cpython-38.pyc
[1.164s] byte-compiling /home/triton-ai/motion_plan_pkg/install/motion_plan_pkg/lib/python3.8/site-packages/motion_plan_pkg/motion_plan_backup.py to motion_plan_backup.cpython-38.pyc
[1.165s] running install_data
[1.166s] creating /home/triton-ai/motion_plan_pkg/install/motion_plan_pkg/share/ament_index
[1.166s] creating /home/triton-ai/motion_plan_pkg/install/motion_plan_pkg/share/ament_index/resource_index
[1.166s] creating /home/triton-ai/motion_plan_pkg/install/motion_plan_pkg/share/ament_index/resource_index/packages
[1.166s] copying resource/motion_plan_pkg -> /home/triton-ai/motion_plan_pkg/install/motion_plan_pkg/share/ament_index/resource_index/packages
[1.166s] copying package.xml -> /home/triton-ai/motion_plan_pkg/install/motion_plan_pkg/share/motion_plan_pkg
[1.167s] copying launch/motion_plan_launch_file.launch.py -> /home/triton-ai/motion_plan_pkg/install/motion_plan_pkg/share/motion_plan_pkg
[1.167s] creating /home/triton-ai/motion_plan_pkg/install/motion_plan_pkg/share/motion_plan_pkg/graph_ltpl
[1.167s] creating /home/triton-ai/motion_plan_pkg/install/motion_plan_pkg/share/motion_plan_pkg/params
[1.167s] creating /home/triton-ai/motion_plan_pkg/install/motion_plan_pkg/share/motion_plan_pkg/inputs
[1.167s] running install_egg_info
[1.168s] removing '/home/triton-ai/motion_plan_pkg/install/motion_plan_pkg/lib/python3.8/site-packages/motion_plan_pkg-0.0.0-py3.8.egg-info' (and everything under it)
[1.168s] Copying build/motion_plan_pkg/motion_plan_pkg.egg-info to /home/triton-ai/motion_plan_pkg/install/motion_plan_pkg/lib/python3.8/site-packages/motion_plan_pkg-0.0.0-py3.8.egg-info
[1.170s] running install_scripts
[1.188s] Installing motion_plan script to /home/triton-ai/motion_plan_pkg/install/motion_plan_pkg/lib/motion_plan_pkg
[1.189s] writing list of installed files to '/home/triton-ai/motion_plan_pkg/build/motion_plan_pkg/install.log'
[1.211s] Invoked command in '/home/triton-ai/motion_plan_pkg' returned '0': PYTHONPATH=/home/triton-ai/motion_plan_pkg/install/motion_plan_pkg/lib/python3.8/site-packages:${PYTHONPATH} /usr/bin/python3 setup.py egg_info --egg-base build/motion_plan_pkg build --build-base /home/triton-ai/motion_plan_pkg/build/motion_plan_pkg/build install --prefix /home/triton-ai/motion_plan_pkg/install/motion_plan_pkg --record /home/triton-ai/motion_plan_pkg/build/motion_plan_pkg/install.log --single-version-externally-managed
