[0.825s] Invoking command in '/home/triton-ai/motion_plan_pkg/build/motion_plan_pkg': PYTHONPATH=/home/triton-ai/motion_plan_pkg/install/motion_plan_pkg/lib/python3.8/site-packages:${PYTHONPATH} /usr/bin/python3 setup.py develop --prefix /home/triton-ai/motion_plan_pkg/install/motion_plan_pkg --uninstall --editable --build-directory /home/triton-ai/motion_plan_pkg/build/motion_plan_pkg/build
[1.133s] running develop
[1.352s] Invoked command in '/home/triton-ai/motion_plan_pkg/build/motion_plan_pkg' returned '0': PYTHONPATH=/home/triton-ai/motion_plan_pkg/install/motion_plan_pkg/lib/python3.8/site-packages:${PYTHONPATH} /usr/bin/python3 setup.py develop --prefix /home/triton-ai/motion_plan_pkg/install/motion_plan_pkg --uninstall --editable --build-directory /home/triton-ai/motion_plan_pkg/build/motion_plan_pkg/build
[1.357s] Invoking command in '/home/triton-ai/motion_plan_pkg': PYTHONPATH=/home/triton-ai/motion_plan_pkg/install/motion_plan_pkg/lib/python3.8/site-packages:${PYTHONPATH} /usr/bin/python3 setup.py egg_info --egg-base build/motion_plan_pkg build --build-base /home/triton-ai/motion_plan_pkg/build/motion_plan_pkg/build install --prefix /home/triton-ai/motion_plan_pkg/install/motion_plan_pkg --record /home/triton-ai/motion_plan_pkg/build/motion_plan_pkg/install.log --single-version-externally-managed
[1.647s] running egg_info
[1.647s] writing build/motion_plan_pkg/motion_plan_pkg.egg-info/PKG-INFO
[1.647s] writing dependency_links to build/motion_plan_pkg/motion_plan_pkg.egg-info/dependency_links.txt
[1.648s] writing entry points to build/motion_plan_pkg/motion_plan_pkg.egg-info/entry_points.txt
[1.648s] writing requirements to build/motion_plan_pkg/motion_plan_pkg.egg-info/requires.txt
[1.648s] writing top-level names to build/motion_plan_pkg/motion_plan_pkg.egg-info/top_level.txt
[1.692s] reading manifest file 'build/motion_plan_pkg/motion_plan_pkg.egg-info/SOURCES.txt'
[1.694s] writing manifest file 'build/motion_plan_pkg/motion_plan_pkg.egg-info/SOURCES.txt'
[1.694s] running build
[1.695s] running build_py
[1.695s] copying motion_plan_pkg/motion_plan.py -> /home/triton-ai/motion_plan_pkg/build/motion_plan_pkg/build/lib/motion_plan_pkg
[1.699s] running install
[1.700s] running install_lib
[1.701s] copying /home/triton-ai/motion_plan_pkg/build/motion_plan_pkg/build/lib/motion_plan_pkg/motion_plan.py -> /home/triton-ai/motion_plan_pkg/install/motion_plan_pkg/lib/python3.8/site-packages/motion_plan_pkg
[1.704s] byte-compiling /home/triton-ai/motion_plan_pkg/install/motion_plan_pkg/lib/python3.8/site-packages/motion_plan_pkg/motion_plan.py to motion_plan.cpython-38.pyc
[1.707s] running install_data
[1.708s] running install_egg_info
[1.710s] removing '/home/triton-ai/motion_plan_pkg/install/motion_plan_pkg/lib/python3.8/site-packages/motion_plan_pkg-0.0.0-py3.8.egg-info' (and everything under it)
[1.710s] Copying build/motion_plan_pkg/motion_plan_pkg.egg-info to /home/triton-ai/motion_plan_pkg/install/motion_plan_pkg/lib/python3.8/site-packages/motion_plan_pkg-0.0.0-py3.8.egg-info
[1.711s] running install_scripts
[1.731s] Installing motion_plan script to /home/triton-ai/motion_plan_pkg/install/motion_plan_pkg/lib/motion_plan_pkg
[1.733s] writing list of installed files to '/home/triton-ai/motion_plan_pkg/build/motion_plan_pkg/install.log'
[1.757s] Invoked command in '/home/triton-ai/motion_plan_pkg' returned '0': PYTHONPATH=/home/triton-ai/motion_plan_pkg/install/motion_plan_pkg/lib/python3.8/site-packages:${PYTHONPATH} /usr/bin/python3 setup.py egg_info --egg-base build/motion_plan_pkg build --build-base /home/triton-ai/motion_plan_pkg/build/motion_plan_pkg/build install --prefix /home/triton-ai/motion_plan_pkg/install/motion_plan_pkg --record /home/triton-ai/motion_plan_pkg/build/motion_plan_pkg/install.log --single-version-externally-managed
